SF:lib\data\datasources\db\database_helper_movie.dart
DA:8,0
DA:12,0
DA:13,0
DA:17,0
DA:18,0
DA:24,0
DA:25,0
DA:26,0
DA:28,0
DA:32,0
DA:33,0
DA:40,0
DA:43,0
DA:44,0
DA:45,0
DA:48,0
DA:49,0
DA:50,0
DA:53,0
DA:57,0
DA:58,0
DA:59,0
DA:62,0
DA:65,0
DA:66,0
DA:72,0
DA:73,0
DA:74,0
LF:28
LH:0
end_of_record
SF:lib\data\models\movie_table.dart
DA:11,16
DA:18,2
DA:19,1
DA:20,1
DA:21,1
DA:22,1
DA:25,2
DA:26,1
DA:27,1
DA:28,1
DA:29,1
DA:32,0
DA:33,0
DA:34,0
DA:35,0
DA:36,0
DA:39,2
DA:40,1
DA:41,1
DA:42,1
DA:43,1
DA:46,2
DA:47,10
LF:23
LH:18
end_of_record
SF:lib\data\datasources\movie_local_data_source.dart
DA:15,1
DA:18,1
DA:20,3
DA:23,2
DA:28,1
DA:30,3
DA:33,2
DA:38,1
DA:39,3
DA:41,1
DA:48,1
DA:49,3
DA:50,4
LF:13
LH:13
end_of_record
SF:lib\data\datasources\movie_remote_data_source.dart
DA:26,0
DA:28,0
DA:29,0
DA:30,0
DA:31,0
DA:36,0
DA:37,0
DA:38,0
DA:39,0
DA:40,0
DA:43,0
DA:45,0
DA:46,0
DA:48,0
DA:53,0
DA:54,0
DA:55,0
DA:56,0
DA:57,0
DA:60,0
DA:62,0
DA:63,0
DA:65,0
DA:70,0
DA:71,0
DA:72,0
DA:73,0
DA:74,0
DA:76,0
DA:77,0
DA:79,0
DA:80,0
DA:82,0
DA:87,0
DA:88,0
DA:89,0
DA:90,0
DA:91,0
DA:94,0
DA:96,0
DA:97,0
DA:99,0
DA:104,0
DA:105,0
DA:106,0
DA:107,0
DA:108,0
DA:111,0
DA:113,0
DA:114,0
DA:116,0
DA:121,0
DA:122,0
DA:123,0
DA:124,0
DA:125,0
DA:127,0
DA:128,0
DA:130,0
DA:131,0
DA:133,0
LF:61
LH:0
end_of_record
SF:lib\data\models\movie_detail_model.dart
DA:6,3
DA:52,1
DA:53,1
DA:54,1
DA:55,1
DA:56,1
DA:57,1
DA:58,2
DA:59,1
DA:60,1
DA:61,1
DA:62,1
DA:63,1
DA:64,1
DA:65,2
DA:66,1
DA:67,1
DA:68,1
DA:69,1
DA:70,1
DA:71,1
DA:72,1
DA:73,1
DA:74,2
DA:75,1
DA:78,2
DA:79,1
DA:80,1
DA:81,1
DA:82,3
DA:83,1
DA:84,1
DA:85,1
DA:86,1
DA:87,1
DA:88,1
DA:89,1
DA:90,1
DA:91,1
DA:92,1
DA:93,1
DA:94,1
DA:95,1
DA:96,1
DA:97,1
DA:98,1
DA:99,1
DA:102,2
DA:103,2
DA:104,2
DA:105,2
DA:106,8
DA:107,2
DA:108,2
DA:109,2
DA:110,2
DA:111,2
DA:112,2
DA:113,2
DA:114,2
DA:115,2
DA:119,1
DA:120,1
DA:121,1
DA:122,1
DA:123,1
DA:124,1
DA:125,1
DA:126,1
DA:127,1
DA:128,1
DA:129,1
DA:130,1
DA:131,1
DA:132,1
DA:133,1
DA:134,1
DA:135,1
DA:136,1
DA:137,1
DA:138,1
DA:139,1
DA:140,1
DA:141,1
LF:84
LH:84
end_of_record
SF:lib\domain\entities\movie_detail.dart
DA:5,16
DA:33,3
DA:34,3
DA:35,3
DA:36,3
DA:37,3
DA:38,3
DA:39,3
DA:40,3
DA:41,3
DA:42,3
DA:43,3
DA:44,3
DA:45,3
LF:14
LH:14
end_of_record
SF:lib\data\models\movie_model.dart
DA:5,3
DA:35,2
DA:36,1
DA:37,1
DA:38,4
DA:39,1
DA:40,1
DA:41,1
DA:42,2
DA:43,1
DA:44,1
DA:45,1
DA:46,1
DA:47,2
DA:48,1
DA:51,2
DA:52,1
DA:53,1
DA:54,4
DA:55,1
DA:56,1
DA:57,1
DA:58,1
DA:59,1
DA:60,1
DA:61,1
DA:62,1
DA:63,1
DA:64,1
DA:67,2
DA:68,2
DA:69,2
DA:70,2
DA:71,2
DA:72,2
DA:73,2
DA:74,2
DA:75,2
DA:76,2
DA:77,2
DA:78,2
DA:79,2
DA:80,2
DA:81,2
DA:85,1
DA:86,1
DA:87,1
DA:88,1
DA:89,1
DA:90,1
DA:91,1
DA:92,1
DA:93,1
DA:94,1
DA:95,1
DA:96,1
DA:97,1
DA:98,1
DA:99,1
LF:59
LH:59
end_of_record
SF:lib\domain\entities\movie.dart
DA:6,9
DA:22,2
DA:43,4
DA:44,4
DA:45,4
DA:46,4
DA:47,4
DA:48,4
DA:49,4
DA:50,4
DA:51,4
DA:52,4
DA:53,4
DA:54,4
DA:55,4
DA:56,4
DA:57,4
LF:17
LH:17
end_of_record
SF:lib\data\models\movie_response.dart
DA:7,1
DA:9,2
DA:10,2
DA:11,3
DA:12,3
DA:15,2
DA:16,5
DA:19,1
DA:20,2
LF:9
LH:9
end_of_record
SF:lib\data\repositories\movie_repository_impl.dart
DA:11,1
DA:17,1
DA:19,3
DA:20,5
DA:21,1
DA:23,1
DA:29,1
DA:31,3
DA:32,2
DA:33,1
DA:35,1
DA:41,1
DA:43,3
DA:44,3
DA:45,1
DA:47,1
DA:53,1
DA:55,3
DA:56,5
DA:57,1
DA:59,1
DA:65,1
DA:67,3
DA:68,5
DA:69,1
DA:71,1
DA:77,1
DA:79,3
DA:80,5
DA:81,1
DA:83,1
DA:89,1
DA:92,4
DA:93,1
DA:94,1
DA:95,3
DA:102,1
DA:105,4
DA:106,1
DA:107,1
DA:108,3
DA:113,1
DA:114,3
DA:119,1
DA:120,3
DA:121,5
LF:46
LH:46
end_of_record
SF:lib\domain\usecases\get_movie_detail.dart
DA:9,1
DA:11,1
DA:12,2
LF:3
LH:3
end_of_record
SF:lib\domain\usecases\get_movie_recommendations.dart
DA:9,1
DA:11,1
DA:12,2
LF:3
LH:3
end_of_record
SF:lib\domain\usecases\get_now_playing_movie.dart
DA:9,1
DA:11,1
DA:12,2
LF:3
LH:3
end_of_record
SF:lib\domain\usecases\get_popular_movie.dart
DA:9,1
DA:11,1
DA:12,2
LF:3
LH:3
end_of_record
SF:lib\domain\usecases\get_top_rated_movie.dart
DA:9,1
DA:11,1
DA:12,2
LF:3
LH:3
end_of_record
SF:lib\domain\usecases\get_watchlist_movies.dart
DA:9,1
DA:11,1
DA:12,2
LF:3
LH:3
end_of_record
SF:lib\domain\usecases\get_watchlist_status.dart
DA:6,1
DA:8,1
DA:9,2
LF:3
LH:3
end_of_record
SF:lib\domain\usecases\remove_watchlist.dart
DA:9,1
DA:11,1
DA:12,2
LF:3
LH:3
end_of_record
SF:lib\domain\usecases\save_watchlist.dart
DA:9,1
DA:11,1
DA:12,2
LF:3
LH:3
end_of_record
SF:lib\presentation\bloc\movie_state.dart
DA:4,15
DA:6,5
DA:7,5
DA:11,5
DA:13,1
DA:14,1
DA:19,1
DA:20,1
DA:28,2
DA:30,1
DA:31,2
DA:37,2
DA:39,1
DA:40,2
DA:51,2
DA:53,1
DA:54,2
DA:60,3
DA:62,1
DA:63,2
DA:74,2
DA:76,1
DA:77,2
DA:83,3
DA:85,1
DA:86,2
DA:97,2
DA:99,1
DA:100,2
DA:106,3
DA:108,1
DA:109,2
DA:120,3
DA:122,1
DA:123,2
DA:129,2
DA:131,1
DA:132,2
DA:138,2
DA:140,1
DA:141,2
DA:147,3
DA:149,1
DA:150,2
DA:161,2
DA:163,1
DA:164,2
DA:170,3
DA:172,1
DA:173,2
LF:50
LH:50
end_of_record
SF:lib\presentation\bloc\movie_event.dart
DA:4,12
DA:9,1
DA:10,1
DA:15,0
DA:16,0
DA:21,0
DA:22,0
DA:29,2
DA:31,0
DA:32,0
DA:37,1
DA:38,1
DA:45,2
DA:47,1
DA:48,2
DA:55,1
DA:57,1
DA:58,2
DA:65,1
DA:67,1
DA:68,2
DA:75,2
DA:76,0
DA:77,0
LF:24
LH:16
end_of_record
SF:lib\presentation\bloc\movie_bloc.dart
DA:12,1
DA:13,2
DA:14,2
DA:15,2
DA:16,3
DA:18,5
DA:19,3
DA:28,3
DA:29,2
DA:30,2
DA:31,3
DA:33,5
DA:34,3
DA:43,3
DA:44,2
DA:45,2
DA:46,3
DA:48,5
DA:49,3
DA:58,3
DA:59,2
DA:60,1
DA:62,2
DA:63,3
DA:65,5
DA:66,3
DA:78,1
DA:83,2
DA:84,2
DA:85,2
DA:87,3
DA:89,2
DA:90,3
DA:91,1
DA:92,2
DA:96,2
DA:97,2
DA:98,4
DA:100,2
DA:103,2
DA:104,1
DA:105,3
DA:107,2
DA:108,3
DA:109,1
DA:110,2
DA:114,2
DA:115,1
DA:117,3
DA:119,2
DA:120,3
DA:121,1
DA:122,2
DA:132,1
DA:133,2
DA:134,2
DA:135,1
DA:137,2
DA:139,3
DA:141,2
DA:142,3
DA:143,1
DA:144,2
LF:63
LH:63
end_of_record
SF:lib\presentation\page\home_movie_page.dart
DA:13,1
DA:15,1
DA:16,1
DA:21,1
DA:23,1
DA:24,2
DA:25,2
DA:26,2
DA:27,2
DA:28,2
DA:29,2
DA:30,2
DA:34,1
DA:36,1
DA:37,1
DA:38,1
DA:39,1
DA:47,1
DA:50,0
DA:51,0
DA:54,1
DA:57,0
DA:58,0
DA:61,1
DA:64,1
DA:65,1
DA:68,0
DA:69,0
DA:73,1
DA:76,0
DA:77,0
DA:82,1
DA:83,0
DA:84,0
DA:92,1
DA:94,1
DA:95,1
DA:96,0
DA:97,0
DA:103,1
DA:105,1
DA:106,1
DA:108,1
DA:109,1
DA:111,1
DA:113,1
DA:114,1
DA:115,1
DA:119,1
DA:120,1
DA:121,1
DA:122,0
DA:123,0
DA:124,0
DA:125,0
DA:126,0
DA:137,1
DA:139,0
DA:140,0
DA:142,1
DA:143,1
DA:144,1
DA:148,1
DA:149,1
DA:150,1
DA:151,0
DA:152,0
DA:153,0
DA:154,0
DA:155,0
DA:166,1
DA:168,0
DA:169,0
DA:171,1
DA:172,1
DA:173,1
DA:177,1
DA:178,1
DA:179,1
DA:180,0
DA:181,0
DA:182,0
DA:183,0
DA:184,0
DA:202,1
DA:203,1
DA:205,1
DA:206,1
DA:208,1
DA:210,1
DA:212,1
DA:214,1
DA:227,2
DA:229,1
DA:231,1
DA:233,1
DA:235,1
DA:236,2
DA:237,1
DA:239,1
DA:240,0
DA:241,0
DA:244,0
DA:247,1
DA:249,1
DA:250,2
DA:251,1
DA:254,0
DA:260,2
LF:109
LH:74
end_of_record
SF:lib\presentation\page\movie_detail_page.dart
DA:14,1
DA:16,1
DA:17,1
DA:21,1
DA:23,1
DA:24,2
DA:25,3
DA:26,3
DA:28,3
DA:29,3
DA:31,3
DA:32,3
DA:37,1
DA:39,2
DA:40,2
DA:41,0
DA:45,1
DA:47,2
DA:48,1
DA:52,1
DA:53,1
DA:54,1
DA:55,1
DA:60,0
DA:61,0
DA:62,0
DA:63,0
DA:81,1
DA:82,1
DA:84,1
DA:85,1
DA:89,1
DA:91,3
DA:93,1
DA:94,1
DA:95,1
DA:96,4
DA:98,1
DA:101,0
DA:103,1
DA:105,1
DA:106,1
DA:107,1
DA:117,1
DA:118,1
DA:119,1
DA:121,1
DA:123,1
DA:125,1
DA:126,1
DA:127,3
DA:128,1
DA:130,1
DA:131,0
DA:132,0
DA:134,0
DA:135,0
DA:138,0
DA:139,0
DA:148,0
DA:149,0
DA:151,0
DA:152,0
DA:153,0
DA:157,0
DA:161,0
DA:162,0
DA:163,0
DA:164,0
DA:165,0
DA:169,0
DA:171,0
DA:172,0
DA:173,0
DA:177,0
DA:178,0
DA:179,0
DA:182,1
DA:184,1
DA:185,2
DA:192,1
DA:193,4
DA:195,1
DA:196,4
DA:198,1
DA:199,1
DA:200,1
DA:201,4
DA:203,1
DA:209,5
DA:213,1
DA:215,1
DA:217,1
DA:218,3
DA:221,1
DA:223,1
DA:225,1
DA:226,1
DA:227,1
DA:231,1
DA:232,0
DA:233,0
DA:235,1
DA:236,1
DA:237,1
DA:239,1
DA:241,1
DA:242,1
DA:243,1
DA:245,1
DA:246,0
DA:247,0
DA:250,0
DA:253,1
DA:258,1
DA:260,2
DA:261,1
DA:267,0
DA:274,1
DA:277,0
DA:282,0
DA:290,1
DA:292,1
DA:305,1
DA:307,1
DA:310,1
DA:312,0
DA:313,0
DA:322,1
DA:324,2
DA:325,3
DA:328,1
DA:332,3
DA:335,1
DA:336,1
DA:337,1
DA:339,1
DA:340,1
DA:342,0
LF:139
LH:98
end_of_record
SF:lib\presentation\page\popular_movies_page.dart
DA:11,1
DA:13,1
DA:14,1
DA:18,1
DA:20,1
DA:21,1
DA:22,4
DA:23,1
DA:28,1
DA:30,1
DA:32,1
DA:35,1
DA:37,1
DA:38,1
DA:39,1
DA:43,1
DA:44,1
DA:45,1
DA:46,1
DA:47,1
DA:48,1
DA:50,1
LF:22
LH:22
end_of_record
SF:lib\presentation\page\top_rated_movies_page.dart
DA:11,1
DA:13,1
DA:14,1
DA:18,1
DA:20,1
DA:21,1
DA:22,4
DA:23,1
DA:28,1
DA:30,1
DA:32,1
DA:35,1
DA:37,1
DA:38,1
DA:39,1
DA:43,1
DA:44,1
DA:45,1
DA:46,1
DA:47,1
DA:48,1
DA:50,1
LF:22
LH:22
end_of_record
SF:lib\presentation\page\watchlist_movies_page.dart
DA:11,1
DA:13,1
DA:14,1
DA:19,1
DA:21,1
DA:22,1
DA:23,4
DA:24,1
DA:29,1
DA:31,1
DA:32,4
DA:35,0
DA:37,0
DA:38,0
DA:42,1
DA:44,1
DA:46,1
DA:49,1
DA:51,1
DA:52,1
DA:53,1
DA:57,1
DA:58,1
DA:59,1
DA:60,1
DA:64,1
DA:65,1
DA:66,1
DA:67,2
DA:68,1
DA:70,2
DA:83,1
DA:85,2
DA:86,1
LF:34
LH:31
end_of_record
