SF:lib\domain\usecase\search_movies.dart
DA:8,1
DA:10,1
DA:11,2
LF:3
LH:3
end_of_record
SF:lib\domain\usecase\search_tvs.dart
DA:8,1
DA:10,1
DA:11,2
LF:3
LH:3
end_of_record
SF:lib\presentation\bloc\search_state.dart
DA:4,8
DA:6,2
DA:7,2
DA:17,6
DA:19,2
DA:20,4
DA:26,2
DA:28,1
DA:29,2
DA:35,2
DA:37,1
DA:38,2
LF:12
LH:12
end_of_record
SF:lib\presentation\bloc\search_event.dart
DA:4,2
DA:6,0
DA:7,0
DA:13,2
DA:15,0
DA:16,0
LF:6
LH:2
end_of_record
SF:lib\presentation\bloc\search_bloc.dart
DA:12,2
DA:13,6
DA:19,3
DA:20,1
DA:21,1
DA:22,1
DA:24,2
DA:25,3
DA:27,1
DA:28,1
DA:29,3
DA:31,1
DA:32,2
DA:36,1
DA:46,3
DA:47,1
DA:48,1
DA:49,1
DA:51,2
DA:52,3
DA:54,1
DA:55,1
DA:56,3
DA:58,1
DA:59,2
DA:63,1
LF:26
LH:26
end_of_record
SF:lib\presentation\pages\movie_search_page.dart
DA:11,1
DA:13,1
DA:15,1
DA:17,1
DA:20,1
DA:22,1
DA:24,1
DA:25,1
DA:26,0
DA:27,0
DA:28,0
DA:39,1
DA:41,1
DA:43,1
DA:44,1
DA:45,1
DA:49,1
DA:50,1
DA:51,1
DA:52,1
DA:54,1
DA:55,1
DA:56,1
DA:58,1
DA:61,1
DA:67,0
LF:26
LH:22
end_of_record
SF:lib\presentation\pages\tvs_search_page.dart
DA:11,1
DA:13,1
DA:15,1
DA:17,1
DA:20,1
DA:22,1
DA:24,1
DA:25,1
DA:26,0
DA:27,0
DA:28,0
DA:39,1
DA:41,1
DA:43,1
DA:44,1
DA:45,1
DA:49,1
DA:50,1
DA:51,1
DA:52,1
DA:54,1
DA:55,1
DA:56,1
DA:58,1
DA:61,1
LF:25
LH:22
end_of_record
