SF:lib\data\models\tvs_detail_model.dart
DA:6,2
DA:30,0
DA:31,0
DA:32,0
DA:33,0
DA:34,0
DA:35,0
DA:36,0
DA:37,0
DA:38,0
DA:39,0
DA:40,0
DA:41,0
DA:42,0
DA:45,2
DA:46,1
DA:47,1
DA:48,1
DA:49,3
DA:50,1
DA:51,1
DA:52,1
DA:53,1
DA:54,1
DA:57,2
DA:58,2
DA:59,2
DA:60,2
DA:61,8
DA:62,2
DA:63,2
DA:64,2
DA:65,2
DA:66,2
DA:67,2
DA:68,2
DA:72,0
DA:73,0
DA:74,0
DA:75,0
DA:76,0
DA:77,0
DA:78,0
DA:79,0
DA:80,0
DA:81,0
DA:82,0
DA:83,0
LF:48
LH:23
end_of_record
SF:lib\data\datasources\tvs_remote_data_source.dart
DA:27,0
DA:29,0
DA:30,0
DA:31,0
DA:32,0
DA:37,0
DA:38,0
DA:39,0
DA:40,0
DA:41,0
DA:44,0
DA:46,0
DA:47,0
DA:49,0
DA:54,0
DA:55,0
DA:56,0
DA:57,0
DA:58,0
DA:61,0
DA:63,0
DA:64,0
DA:66,0
DA:71,0
DA:72,0
DA:73,0
DA:74,0
DA:75,0
DA:78,0
DA:80,0
DA:81,0
DA:83,0
DA:88,0
DA:89,0
DA:90,0
DA:91,0
DA:92,0
DA:94,0
DA:96,0
DA:97,0
DA:99,0
DA:104,0
DA:105,0
DA:106,0
DA:107,0
DA:108,0
DA:110,0
DA:111,0
DA:113,0
DA:114,0
DA:116,0
DA:121,0
DA:122,0
DA:123,0
DA:124,0
DA:125,0
DA:127,0
DA:128,0
DA:130,0
DA:131,0
DA:133,0
LF:61
LH:0
end_of_record
SF:lib\data\datasources\tvs_local_data_source.dart
DA:15,1
DA:18,1
DA:19,3
DA:21,1
DA:28,1
DA:29,3
DA:30,4
DA:34,1
DA:36,3
DA:39,2
DA:44,1
DA:46,3
DA:49,2
LF:13
LH:13
end_of_record
SF:lib\data\datasources\db\database_helper_tvs.dart
DA:6,0
DA:10,0
DA:11,0
DA:15,0
DA:16,0
DA:22,0
DA:23,0
DA:24,0
DA:26,0
DA:30,0
DA:31,0
DA:38,0
DA:41,0
DA:42,0
DA:43,0
DA:46,0
DA:47,0
DA:48,0
DA:51,0
DA:55,0
DA:56,0
DA:57,0
DA:60,0
DA:63,0
DA:64,0
DA:70,0
DA:71,0
DA:73,0
LF:28
LH:0
end_of_record
SF:lib\domain\usecases\get_now_playing_tvs.dart
DA:8,1
DA:10,1
DA:11,2
LF:3
LH:3
end_of_record
SF:lib\domain\usecases\get_popular_tvs.dart
DA:8,1
DA:10,1
DA:11,2
LF:3
LH:3
end_of_record
SF:lib\domain\usecases\get_top_rated_tvs.dart
DA:8,1
DA:10,1
DA:11,2
LF:3
LH:3
end_of_record
SF:lib\domain\usecases\get_tvs_recommendations.dart
DA:8,1
DA:10,1
DA:11,2
LF:3
LH:3
end_of_record
SF:lib\domain\usecases\get_tvs_detail.dart
DA:8,1
DA:10,1
DA:11,2
LF:3
LH:3
end_of_record
SF:lib\domain\usecases\get_watchlist_tvs.dart
DA:8,1
DA:10,1
DA:11,2
LF:3
LH:3
end_of_record
SF:lib\domain\usecases\get_watchlist_tvs_status.dart
DA:6,1
DA:8,1
DA:9,2
LF:3
LH:3
end_of_record
SF:lib\domain\usecases\remove_tvs_watchlist.dart
DA:8,1
DA:10,1
DA:11,2
LF:3
LH:3
end_of_record
SF:lib\domain\usecases\save_tvs_watchlist.dart
DA:8,1
DA:10,1
DA:11,2
LF:3
LH:3
end_of_record
SF:lib\data\models\tvs_table.dart
DA:11,2
DA:18,2
DA:19,1
DA:20,1
DA:21,1
DA:22,1
DA:25,2
DA:26,1
DA:27,1
DA:28,1
DA:29,1
DA:32,0
DA:33,0
DA:34,0
DA:35,0
DA:36,0
DA:39,2
DA:40,1
DA:41,1
DA:42,1
DA:43,1
DA:46,2
DA:47,10
LF:23
LH:18
end_of_record
SF:lib\domain\entities\tvs_detail.dart
DA:16,16
DA:29,3
DA:30,3
DA:31,3
DA:32,3
DA:33,3
DA:34,3
DA:35,3
DA:36,3
DA:37,3
DA:38,3
DA:39,3
DA:40,3
LF:13
LH:13
end_of_record
SF:lib\data\models\tvs_model.dart
DA:5,3
DA:31,2
DA:32,1
DA:33,4
DA:34,1
DA:35,1
DA:36,1
DA:37,2
DA:38,1
DA:39,1
DA:40,1
DA:41,2
DA:42,1
DA:45,2
DA:46,1
DA:47,4
DA:48,1
DA:49,1
DA:50,1
DA:51,1
DA:52,1
DA:53,1
DA:54,1
DA:55,1
DA:56,1
DA:59,2
DA:60,2
DA:61,2
DA:62,2
DA:63,2
DA:64,2
DA:65,2
DA:66,2
DA:67,2
DA:68,2
DA:69,2
DA:70,2
DA:71,2
DA:74,1
DA:75,1
DA:76,1
DA:77,1
DA:78,1
DA:79,1
DA:80,1
DA:81,1
DA:82,1
DA:83,1
DA:84,1
DA:85,1
DA:86,1
LF:51
LH:51
end_of_record
SF:lib\domain\entities\tvs.dart
DA:18,9
DA:32,2
DA:39,4
DA:40,4
DA:41,4
DA:42,4
DA:43,4
DA:44,4
DA:45,4
DA:46,4
DA:47,4
DA:48,4
DA:49,4
DA:50,4
DA:51,4
LF:15
LH:15
end_of_record
SF:lib\data\models\tvs_response.dart
DA:7,1
DA:9,2
DA:10,2
DA:11,3
DA:12,3
DA:15,2
DA:16,5
DA:19,1
DA:20,2
LF:9
LH:9
end_of_record
SF:lib\data\repositories\tvs_repository_impl.dart
DA:11,1
DA:17,1
DA:19,3
DA:20,5
DA:21,1
DA:23,1
DA:29,1
DA:31,3
DA:32,5
DA:33,1
DA:35,1
DA:41,1
DA:43,3
DA:44,5
DA:45,1
DA:47,1
DA:53,1
DA:55,3
DA:56,2
DA:57,1
DA:59,1
DA:65,1
DA:67,3
DA:68,3
DA:69,1
DA:71,1
DA:77,1
DA:78,3
DA:79,5
DA:83,1
DA:84,3
DA:89,1
DA:92,4
DA:93,1
DA:94,1
DA:95,3
DA:100,1
DA:103,4
DA:104,1
DA:105,1
DA:106,3
DA:113,1
DA:115,3
DA:116,5
DA:117,1
DA:119,1
LF:46
LH:46
end_of_record
SF:lib\presentation\bloc\tvs_state.dart
DA:4,15
DA:6,5
DA:7,5
DA:11,5
DA:13,1
DA:14,1
DA:25,2
DA:27,1
DA:28,2
DA:34,2
DA:36,1
DA:37,2
DA:48,2
DA:50,1
DA:51,2
DA:57,3
DA:59,1
DA:60,2
DA:71,2
DA:73,1
DA:74,2
DA:80,3
DA:82,1
DA:83,2
DA:94,2
DA:96,1
DA:97,2
DA:103,3
DA:105,1
DA:106,2
DA:117,3
DA:119,1
DA:120,2
DA:126,2
DA:128,1
DA:129,2
DA:135,2
DA:137,1
DA:138,2
DA:144,3
DA:146,1
DA:147,2
DA:158,2
DA:160,1
DA:161,2
DA:167,3
DA:169,1
DA:170,2
LF:48
LH:48
end_of_record
SF:lib\presentation\bloc\tvs_event.dart
DA:4,12
DA:9,1
DA:10,1
DA:15,0
DA:16,0
DA:21,0
DA:22,0
DA:29,2
DA:31,0
DA:32,0
DA:37,1
DA:38,1
DA:45,2
DA:47,1
DA:48,2
DA:55,1
DA:57,1
DA:58,2
DA:65,1
DA:67,1
DA:68,2
DA:75,2
DA:76,0
DA:77,0
LF:24
LH:16
end_of_record
SF:lib\presentation\bloc\tvs_bloc.dart
DA:12,3
DA:13,2
DA:14,2
DA:15,3
DA:17,5
DA:18,3
DA:27,3
DA:28,2
DA:29,2
DA:30,3
DA:32,5
DA:33,3
DA:42,3
DA:43,2
DA:44,2
DA:45,3
DA:47,5
DA:48,3
DA:57,3
DA:58,2
DA:59,1
DA:61,2
DA:62,3
DA:64,5
DA:65,3
DA:77,1
DA:82,2
DA:83,2
DA:84,2
DA:86,3
DA:88,2
DA:89,3
DA:90,1
DA:91,2
DA:95,2
DA:96,2
DA:97,4
DA:99,2
DA:102,2
DA:103,1
DA:104,3
DA:106,2
DA:107,3
DA:108,1
DA:109,2
DA:113,2
DA:114,1
DA:116,3
DA:118,2
DA:119,3
DA:120,1
DA:121,2
DA:131,3
DA:132,2
DA:133,1
DA:135,2
DA:137,3
DA:139,2
DA:140,3
DA:141,1
DA:142,2
LF:61
LH:61
end_of_record
SF:lib\presentation\pages\home_tvs_page.dart
DA:13,1
DA:15,1
DA:16,1
DA:21,1
DA:23,1
DA:24,2
DA:25,3
DA:26,1
DA:28,3
DA:29,1
DA:31,3
DA:32,1
DA:37,1
DA:39,1
DA:40,1
DA:41,1
DA:42,1
DA:50,1
DA:53,0
DA:54,0
DA:57,1
DA:60,0
DA:61,0
DA:64,1
DA:67,1
DA:68,1
DA:71,0
DA:72,0
DA:76,1
DA:79,0
DA:80,0
DA:85,1
DA:86,0
DA:87,0
DA:95,1
DA:97,1
DA:98,1
DA:99,0
DA:100,0
DA:106,1
DA:108,1
DA:109,1
DA:111,1
DA:112,1
DA:114,1
DA:116,1
DA:117,1
DA:118,1
DA:122,1
DA:123,1
DA:124,1
DA:125,0
DA:126,0
DA:127,0
DA:128,0
DA:129,0
DA:140,1
DA:142,0
DA:143,0
DA:145,2
DA:146,1
DA:150,1
DA:151,1
DA:152,1
DA:153,0
DA:154,0
DA:155,0
DA:156,0
DA:157,0
DA:168,1
DA:170,0
DA:171,0
DA:173,2
DA:174,1
DA:178,1
DA:179,1
DA:180,1
DA:181,0
DA:182,0
DA:183,0
DA:184,0
DA:185,0
DA:203,1
DA:204,1
DA:206,1
DA:207,1
DA:209,1
DA:211,1
DA:213,1
DA:215,1
DA:228,2
DA:230,1
DA:232,1
DA:234,1
DA:236,1
DA:237,2
DA:238,1
DA:240,1
DA:241,0
DA:242,0
DA:245,0
DA:248,1
DA:250,1
DA:251,2
DA:252,1
DA:255,0
DA:261,2
LF:107
LH:72
end_of_record
SF:lib\presentation\pages\popular_tvs_page.dart
DA:11,1
DA:13,1
DA:14,1
DA:18,1
DA:20,1
DA:21,1
DA:22,4
DA:23,1
DA:28,1
DA:30,1
DA:32,1
DA:35,1
DA:37,1
DA:38,1
DA:39,1
DA:43,1
DA:44,1
DA:45,1
DA:46,1
DA:47,1
DA:48,1
DA:50,1
LF:22
LH:22
end_of_record
SF:lib\presentation\pages\top_rated_tvs_page.dart
DA:11,1
DA:13,1
DA:14,1
DA:18,1
DA:20,1
DA:21,1
DA:22,4
DA:23,1
DA:28,1
DA:30,1
DA:32,1
DA:35,1
DA:37,1
DA:38,1
DA:39,1
DA:43,1
DA:44,1
DA:45,1
DA:46,1
DA:47,1
DA:48,1
DA:50,1
LF:22
LH:22
end_of_record
SF:lib\presentation\pages\tvs_detail_page.dart
DA:15,1
DA:17,1
DA:18,1
DA:22,1
DA:24,1
DA:25,2
DA:26,3
DA:27,3
DA:29,3
DA:30,3
DA:32,3
DA:33,3
DA:38,1
DA:40,2
DA:41,2
DA:42,0
DA:47,1
DA:49,1
DA:50,1
DA:51,1
DA:55,1
DA:56,1
DA:57,1
DA:58,1
DA:63,0
DA:64,0
DA:65,0
DA:66,0
DA:85,1
DA:86,1
DA:88,1
DA:89,1
DA:93,1
DA:95,3
DA:97,1
DA:98,1
DA:99,1
DA:100,4
DA:102,1
DA:105,0
DA:107,1
DA:109,1
DA:110,1
DA:111,1
DA:121,1
DA:122,1
DA:123,1
DA:125,1
DA:127,1
DA:129,1
DA:130,1
DA:131,3
DA:132,1
DA:134,1
DA:135,0
DA:136,0
DA:138,0
DA:139,0
DA:142,0
DA:143,0
DA:152,0
DA:153,0
DA:155,0
DA:156,0
DA:157,0
DA:161,0
DA:163,0
DA:164,0
DA:165,0
DA:169,0
DA:170,0
DA:171,0
DA:174,1
DA:176,1
DA:177,2
DA:184,1
DA:185,4
DA:187,1
DA:188,3
DA:190,1
DA:191,1
DA:192,1
DA:193,4
DA:195,1
DA:201,5
DA:205,1
DA:207,1
DA:209,1
DA:210,3
DA:213,1
DA:215,1
DA:217,1
DA:218,1
DA:219,1
DA:223,1
DA:224,0
DA:225,0
DA:227,1
DA:228,1
DA:230,1
DA:232,1
DA:233,2
DA:234,1
DA:236,1
DA:237,0
DA:238,0
DA:241,0
DA:244,1
DA:249,1
DA:251,2
DA:252,1
DA:258,0
DA:265,2
DA:268,0
DA:273,0
DA:281,1
DA:283,1
DA:296,1
DA:298,1
DA:301,1
DA:303,0
DA:304,0
DA:313,1
DA:315,2
DA:316,3
DA:319,1
DA:323,3
LF:127
LH:93
end_of_record
SF:lib\presentation\pages\watchlist_tvs_page.dart
DA:11,1
DA:13,1
DA:14,1
DA:19,1
DA:21,1
DA:22,1
DA:23,4
DA:24,1
DA:29,1
DA:31,1
DA:32,4
DA:35,0
DA:37,0
DA:38,0
DA:42,1
DA:44,1
DA:46,1
DA:49,1
DA:51,1
DA:52,1
DA:53,1
DA:57,1
DA:58,1
DA:59,1
DA:60,1
DA:64,1
DA:65,1
DA:66,1
DA:67,2
DA:68,1
DA:70,2
DA:83,1
DA:85,2
DA:86,1
LF:34
LH:31
end_of_record
